<?xml version="1.0" encoding="UTF-8"?>
<robot generator="Robot 6.0.2 (Python 3.11.1 on win32)" generated="20230111 17:18:24.629" rpa="false" schemaversion="3">
<suite id="s1" name="TestSuite" source="C:\Users\user\OneDrive\Desktop\Workspace\Robotic Framewok_Python\prj2\TestSuite.robot">
<test id="s1-t1" name="Launching the url for SauceLab" line="11">
<kw name="Open Browser" library="Selenium2Library">
<arg>${URL}</arg>
<arg>edge</arg>
<doc>Opens a new browser instance to the optional ``url``.</doc>
<msg timestamp="20230111 17:18:25.017" level="INFO">Opening browser 'edge' to base url 'https://saucelabs.com/'.</msg>
<status status="PASS" starttime="20230111 17:18:25.016" endtime="20230111 17:18:35.725"/>
</kw>
<kw name="Maximize Browser Window" library="Selenium2Library">
<doc>Maximizes current browser window.</doc>
<status status="PASS" starttime="20230111 17:18:35.735" endtime="20230111 17:18:36.773"/>
</kw>
<kw name="Capture Page Screenshot" library="Selenium2Library">
<var>${screenshot}</var>
<doc>Takes a screenshot of the current page and embeds it into a log file.</doc>
<msg timestamp="20230111 17:18:37.399" level="INFO" html="true">&lt;/td&gt;&lt;/tr&gt;&lt;tr&gt;&lt;td colspan="3"&gt;&lt;a href="selenium-screenshot-1.png"&gt;&lt;img src="selenium-screenshot-1.png" width="800px"&gt;&lt;/a&gt;</msg>
<msg timestamp="20230111 17:18:37.399" level="INFO">${screenshot} = C:\Users\user\OneDrive\Desktop\Workspace\Robotic Framewok_Python\prj2\output\allure\selenium-screenshot-1.png</msg>
<status status="PASS" starttime="20230111 17:18:36.803" endtime="20230111 17:18:37.400"/>
</kw>
<status status="PASS" starttime="20230111 17:18:25.015" endtime="20230111 17:18:37.401"/>
</test>
<test id="s1-t2" name="Click on cross browser testing button" line="16">
<kw name="Click Element" library="Selenium2Library">
<arg>${Cross_Browser_card}</arg>
<doc>Click the element identified by ``locator``.</doc>
<msg timestamp="20230111 17:18:37.408" level="INFO">Clicking element 'xpath=(//div[@class="card-image"])[1]'.</msg>
<msg timestamp="20230111 17:18:39.040" level="INFO" html="true">&lt;/td&gt;&lt;/tr&gt;&lt;tr&gt;&lt;td colspan="3"&gt;&lt;a href="selenium-screenshot-2.png"&gt;&lt;img src="selenium-screenshot-2.png" width="800px"&gt;&lt;/a&gt;</msg>
<msg timestamp="20230111 17:18:39.041" level="FAIL">ElementClickInterceptedException: Message: element click intercepted: Element &lt;div class="card-image"&gt;...&lt;/div&gt; is not clickable at point (144, 749). Other element would receive the click: &lt;div id="onetrust-group-container" class="ot-sdk-eight ot-sdk-columns"&gt;...&lt;/div&gt;
  (Session info: MicrosoftEdge=108.0.1462.76)
Stacktrace:
Backtrace:
	Microsoft::Applications::Events::EventProperties::SetProperty [0x00007FF6BD529042+14306]
	Microsoft::Applications::Events::EventProperty::EventProperty [0x00007FF6BD4B0802+842914]
	(No symbol) [0x00007FF6BD161D90]
	(No symbol) [0x00007FF6BD1AE4BD]
	(No symbol) [0x00007FF6BD1AB965]
	(No symbol) [0x00007FF6BD1A8BF9]
	(No symbol) [0x00007FF6BD1A7298]
	(No symbol) [0x00007FF6BD198C18]
	(No symbol) [0x00007FF6BD1C5D2A]
	(No symbol) [0x00007FF6BD19836E]
	(No symbol) [0x00007FF6BD198241]
	(No symbol) [0x00007FF6BD1C6080]
	(No symbol) [0x00007FF6BD19836E]
	(No symbol) [0x00007FF6BD1DF70C]
	(No symbol) [0x00007FF6BD1C5B03]
	(No symbol) [0x00007FF6BD1973B8]
	(No symbol) [0x00007FF6BD19638E]
	(No symbol) [0x00007FF6BD197AE4]
	Microsoft::Applications::Events::EventProperty::EventProperty [0x00007FF6BD3FFC58+119032]
	Microsoft::Applications::Events::EventProperty::EventProperty [0x00007FF6BD3ED316+42934]
	Microsoft::Applications::Events::EventProperty::EventProperty [0x00007FF6BD3F052C+55756]
	(No symbol) [0x00007FF6BD267923]
	Microsoft::Applications::Events::EventProperty::EventProperty [0x00007FF6BD4B82BA+874330]
	Microsoft::Applications::Events::EventProperty::EventProperty [0x00007FF6BD4BD3B4+895060]
	Microsoft::Applications::Events::EventProperty::EventProperty [0x00007FF6BD4BD50C+895404]
	Microsoft::Applications::Events::EventProperty::EventProperty [0x00007FF6BD4C662E+932558]
	BaseThreadInitThunk [0x00007FFACD0A55A0+16]
	RtlUserThreadStart [0x00007FFACEB0485B+43]
</msg>
<status status="FAIL" starttime="20230111 17:18:37.407" endtime="20230111 17:18:39.459"/>
</kw>
<kw name="Capture Page Screenshot" library="Selenium2Library">
<var>${screenshot}</var>
<doc>Takes a screenshot of the current page and embeds it into a log file.</doc>
<status status="NOT RUN" starttime="20230111 17:18:39.465" endtime="20230111 17:18:39.465"/>
</kw>
<status status="FAIL" starttime="20230111 17:18:37.406" endtime="20230111 17:18:39.466">ElementClickInterceptedException: Message: element click intercepted: Element &lt;div class="card-image"&gt;...&lt;/div&gt; is not clickable at point (144, 749). Other element would receive the click: &lt;div id="onetrust-group-container" class="ot-sdk-eight ot-sdk-columns"&gt;...&lt;/div&gt;
  (Session info: MicrosoftEdge=108.0.1462.76)
Stacktrace:
Backtrace:
	Microsoft::Applications::Events::EventProperties::SetProperty [0x00007FF6BD529042+14306]
	Microsoft::Applications::Events::EventProperty::EventProperty [0x00007FF6BD4B0802+842914]
	(No symbol) [0x00007FF6BD161D90]
	(No symbol) [0x00007FF6BD1AE4BD]
	(No symbol) [0x00007FF6BD1AB965]
	(No symbol) [0x00007FF6BD1A8BF9]
	(No symbol) [0x00007FF6BD1A7298]
	(No symbol) [0x00007FF6BD198C18]
	(No symbol) [0x00007FF6BD1C5D2A]
	(No symbol) [0x00007FF6BD19836E]
	(No symbol) [0x00007FF6BD198241]
    [ Message content over the limit has been removed. ]
	(No symbol) [0x00007FF6BD1973B8]
	(No symbol) [0x00007FF6BD19638E]
	(No symbol) [0x00007FF6BD197AE4]
	Microsoft::Applications::Events::EventProperty::EventProperty [0x00007FF6BD3FFC58+119032]
	Microsoft::Applications::Events::EventProperty::EventProperty [0x00007FF6BD3ED316+42934]
	Microsoft::Applications::Events::EventProperty::EventProperty [0x00007FF6BD3F052C+55756]
	(No symbol) [0x00007FF6BD267923]
	Microsoft::Applications::Events::EventProperty::EventProperty [0x00007FF6BD4B82BA+874330]
	Microsoft::Applications::Events::EventProperty::EventProperty [0x00007FF6BD4BD3B4+895060]
	Microsoft::Applications::Events::EventProperty::EventProperty [0x00007FF6BD4BD50C+895404]
	Microsoft::Applications::Events::EventProperty::EventProperty [0x00007FF6BD4C662E+932558]
	BaseThreadInitThunk [0x00007FFACD0A55A0+16]
	RtlUserThreadStart [0x00007FFACEB0485B+43]</status>
</test>
<test id="s1-t3" name="click on Try it free option" line="20">
<kw name="Click Element" library="Selenium2Library">
<arg>${Try_it_Free_button}</arg>
<doc>Click the element identified by ``locator``.</doc>
<msg timestamp="20230111 17:18:39.482" level="INFO">Clicking element 'xpath=(//span[text()="Try it free"])[1]'.</msg>
<status status="PASS" starttime="20230111 17:18:39.480" endtime="20230111 17:18:47.641"/>
</kw>
<kw name="Capture Page Screenshot" library="Selenium2Library">
<var>${screenshot}</var>
<doc>Takes a screenshot of the current page and embeds it into a log file.</doc>
<msg timestamp="20230111 17:18:47.887" level="INFO" html="true">&lt;/td&gt;&lt;/tr&gt;&lt;tr&gt;&lt;td colspan="3"&gt;&lt;a href="selenium-screenshot-3.png"&gt;&lt;img src="selenium-screenshot-3.png" width="800px"&gt;&lt;/a&gt;</msg>
<msg timestamp="20230111 17:18:47.887" level="INFO">${screenshot} = C:\Users\user\OneDrive\Desktop\Workspace\Robotic Framewok_Python\prj2\output\allure\selenium-screenshot-3.png</msg>
<status status="PASS" starttime="20230111 17:18:47.652" endtime="20230111 17:18:47.887"/>
</kw>
<kw name="Close Browser" library="Selenium2Library">
<doc>Closes the current browser.</doc>
<status status="PASS" starttime="20230111 17:18:47.895" endtime="20230111 17:18:51.215"/>
</kw>
<status status="PASS" starttime="20230111 17:18:39.479" endtime="20230111 17:18:51.217"/>
</test>
<status status="FAIL" starttime="20230111 17:18:24.726" endtime="20230111 17:18:51.229"/>
</suite>
<statistics>
<total>
<stat pass="2" fail="1" skip="0">All Tests</stat>
</total>
<tag>
</tag>
<suite>
<stat pass="2" fail="1" skip="0" id="s1" name="TestSuite">TestSuite</stat>
</suite>
</statistics>
<errors>
</errors>
</robot>
