<?xml version="1.0" encoding="UTF-8"?>
<robot generator="Robot 6.0.2 (Python 3.11.1 on win32)" generated="20230111 15:20:20.136" rpa="false" schemaversion="3">
<suite id="s1" name="TestSuite" source="C:\Users\user\OneDrive\Desktop\Workspace\Robotic Framewok_Python\prj2\TestSuite.robot">
<test id="s1-t1" name="Launching the url for SauceLab" line="10">
<kw name="Open Browser" library="SeleniumLibrary">
<arg>${URL}</arg>
<arg>edge</arg>
<doc>Opens a new browser instance to the optional ``url``.</doc>
<msg timestamp="20230111 15:20:20.551" level="INFO">Opening browser 'edge' to base url 'https://saucelabs.com/'.</msg>
<status status="PASS" starttime="20230111 15:20:20.550" endtime="20230111 15:20:28.394"/>
</kw>
<kw name="Maximize Browser Window" library="SeleniumLibrary">
<doc>Maximizes current browser window.</doc>
<status status="PASS" starttime="20230111 15:20:28.395" endtime="20230111 15:20:28.937"/>
</kw>
<status status="PASS" starttime="20230111 15:20:20.549" endtime="20230111 15:20:28.938"/>
</test>
<test id="s1-t2" name="Click on cross browser testing button" line="14">
<kw name="Click Element" library="SeleniumLibrary">
<arg>${Cross_Browser_card}</arg>
<doc>Click the element identified by ``locator``.</doc>
<msg timestamp="20230111 15:20:28.949" level="INFO">Clicking element 'xpath=(//div[@class="card-image"])[1]'.</msg>
<status status="PASS" starttime="20230111 15:20:28.948" endtime="20230111 15:20:29.683"/>
</kw>
<status status="PASS" starttime="20230111 15:20:28.947" endtime="20230111 15:20:29.693"/>
</test>
<test id="s1-t3" name="click on Try it free option" line="17">
<kw name="Click Element" library="SeleniumLibrary">
<arg>${Try_it_Free_button}</arg>
<doc>Click the element identified by ``locator``.</doc>
<msg timestamp="20230111 15:20:29.813" level="INFO">Clicking element 'xpath=(//span[text()="Try it free"])[1]'.</msg>
<status status="PASS" starttime="20230111 15:20:29.812" endtime="20230111 15:20:30.170"/>
</kw>
<kw name="Close Browser" library="SeleniumLibrary">
<doc>Closes the current browser.</doc>
<status status="PASS" starttime="20230111 15:20:30.173" endtime="20230111 15:20:32.730"/>
</kw>
<status status="PASS" starttime="20230111 15:20:29.763" endtime="20230111 15:20:32.730"/>
</test>
<status status="PASS" starttime="20230111 15:20:20.139" endtime="20230111 15:20:32.732"/>
</suite>
<statistics>
<total>
<stat pass="3" fail="0" skip="0">All Tests</stat>
</total>
<tag>
</tag>
<suite>
<stat pass="3" fail="0" skip="0" id="s1" name="TestSuite">TestSuite</stat>
</suite>
</statistics>
<errors>
</errors>
</robot>
